Using pre-set license
Built from 'trunk' branch; Version is '2022.1.0a13 (5a5aca0fb632) revision 5921482'; Using compiler version '192829333'; Build Type 'Release'
OS: 'Windows 10 Home; OS build 19043.1288; Version 2009; 64bit' Language: 'en' Physical Memory: 16332 MB
BatchMode: 1, IsHumanControllingUs: 0, StartBugReporterOnCrash: 0, Is64bit: 1, IsPro: 0

COMMAND LINE ARGUMENTS:
C:\Program Files\Unity\Hub\Editor\2022.1.0a13\Editor\Unity.exe
-adb2
-batchMode
-noUpm
-name
AssetImportWorker2
-projectPath
C:/Users/CoolElectronics/Documents/GitHub/Celese-modern-3
-logFile
Logs/AssetImportWorker2.log
-srvPort
54966
Successfully changed project path to: C:/Users/CoolElectronics/Documents/GitHub/Celese-modern-3
C:/Users/CoolElectronics/Documents/GitHub/Celese-modern-3
[UnityMemory] Configuration Parameters - Can be set up in boot.config
    "memorysetup-bucket-allocator-granularity=16"
    "memorysetup-bucket-allocator-bucket-count=8"
    "memorysetup-bucket-allocator-block-size=33554432"
    "memorysetup-bucket-allocator-block-count=8"
    "memorysetup-main-allocator-block-size=16777216"
    "memorysetup-thread-allocator-block-size=16777216"
    "memorysetup-gfx-main-allocator-block-size=16777216"
    "memorysetup-gfx-thread-allocator-block-size=16777216"
    "memorysetup-cache-allocator-block-size=4194304"
    "memorysetup-typetree-allocator-block-size=2097152"
    "memorysetup-profiler-bucket-allocator-granularity=16"
    "memorysetup-profiler-bucket-allocator-bucket-count=8"
    "memorysetup-profiler-bucket-allocator-block-size=33554432"
    "memorysetup-profiler-bucket-allocator-block-count=8"
    "memorysetup-profiler-allocator-block-size=16777216"
    "memorysetup-profiler-editor-allocator-block-size=1048576"
    "memorysetup-temp-allocator-size-main=16777216"
    "memorysetup-job-temp-allocator-block-size=2097152"
    "memorysetup-job-temp-allocator-block-size-background=1048576"
    "memorysetup-job-temp-allocator-reduction-small-platforms=262144"
    "memorysetup-temp-allocator-size-background-worker=32768"
    "memorysetup-temp-allocator-size-job-worker=262144"
    "memorysetup-temp-allocator-size-preload-manager=33554432"
    "memorysetup-temp-allocator-size-nav-mesh-worker=65536"
    "memorysetup-temp-allocator-size-audio-worker=65536"
    "memorysetup-temp-allocator-size-cloud-worker=32768"
    "memorysetup-temp-allocator-size-gi-baking-worker=262144"
    "memorysetup-temp-allocator-size-gfx=262144"
Refreshing native plugins compatible for Editor in 60.44 ms, found 3 plugins.
Preloading 0 native plugins for Editor in 0.00 ms.
Initialize engine version: 2022.1.0a13 (5a5aca0fb632)
[Subsystems] Discovering subsystems at path C:/Program Files/Unity/Hub/Editor/2022.1.0a13/Editor/Data/Resources/UnitySubsystems
[Subsystems] Discovering subsystems at path C:/Users/CoolElectronics/Documents/GitHub/Celese-modern-3/Assets
GfxDevice: creating device client; threaded=0; jobified=0
Direct3D:
    Version:  Direct3D 11.0 [level 11.1]
    Renderer: NVIDIA GeForce GT 1030 (ID=0x1d01)
    Vendor:   NVIDIA
    VRAM:     1982 MB
    Driver:   27.21.14.5671
Initialize mono
Mono path[0] = 'C:/Program Files/Unity/Hub/Editor/2022.1.0a13/Editor/Data/Managed'
Mono path[1] = 'C:/Program Files/Unity/Hub/Editor/2022.1.0a13/Editor/Data/MonoBleedingEdge/lib/mono/unityjit-win32'
Mono config path = 'C:/Program Files/Unity/Hub/Editor/2022.1.0a13/Editor/Data/MonoBleedingEdge/etc'
Using monoOptions --debugger-agent=transport=dt_socket,embedding=1,server=y,suspend=n,address=127.0.0.1:56232
Begin MonoManager ReloadAssembly
Registering precompiled unity dll's ...
Register platform support module: C:/Program Files/Unity/Hub/Editor/2022.1.0a13/Editor/Data/PlaybackEngines/WebGLSupport/UnityEditor.WebGL.Extensions.dll
Register platform support module: C:/Program Files/Unity/Hub/Editor/2022.1.0a13/Editor/Data/PlaybackEngines/MacStandaloneSupport/UnityEditor.OSXStandalone.Extensions.dll
Register platform support module: C:/Program Files/Unity/Hub/Editor/2022.1.0a13/Editor/Data/PlaybackEngines/WindowsStandaloneSupport/UnityEditor.WindowsStandalone.Extensions.dll
Register platform support module: C:/Program Files/Unity/Hub/Editor/2022.1.0a13/Editor/Data/PlaybackEngines/LinuxStandaloneSupport/UnityEditor.LinuxStandalone.Extensions.dll
Registered in 0.021609 seconds.
Native extension for LinuxStandalone target not found
Native extension for WindowsStandalone target not found
Native extension for OSXStandalone target not found
Native extension for WebGL target not found
Refreshing native plugins compatible for Editor in 45.59 ms, found 3 plugins.
Preloading 0 native plugins for Editor in 0.00 ms.
Mono: successfully reloaded assembly
- Completed reload, in  1.633 seconds
Domain Reload Profiling:
	ReloadAssembly (1634ms)
		BeginReloadAssembly (111ms)
			ExecutionOrderSort (0ms)
			DisableScriptedObjects (0ms)
			BackupInstance (0ms)
			ReleaseScriptingObjects (0ms)
			CreateAndSetChildDomain (1ms)
		EndReloadAssembly (535ms)
			LoadAssemblies (105ms)
			RebuildTransferFunctionScriptingTraits (0ms)
			SetupTypeCache (125ms)
				TypeCache.Initialize (125ms)
					TypeCache.ScanAssembly (122ms)
				ResolveRequiredComponents (1ms)
			ReleaseScriptCaches (0ms)
			RebuildScriptCaches (32ms)
			SetupLoadedEditorAssemblies (310ms)
				LogAssemblyErrors (0ms)
				InitializePlatformSupportModulesInManaged (32ms)
				SetLoadedEditorAssemblies (7ms)
				RefreshPlugins (46ms)
				BeforeProcessingInitializeOnLoad (2ms)
				ProcessInitializeOnLoadAttributes (140ms)
				ProcessInitializeOnLoadMethodAttributes (82ms)
				AfterProcessingInitializeOnLoad (0ms)
				EditorAssembliesLoaded (0ms)
			ExecutionOrderSort2 (0ms)
			AwakeInstancesAfterBackupRestoration (0ms)
Platform modules already initialized, skipping
Registering precompiled user dll's ...
Registered in 0.016453 seconds.
Begin MonoManager ReloadAssembly
Native extension for LinuxStandalone target not found
Native extension for WindowsStandalone target not found
Native extension for OSXStandalone target not found
Native extension for WebGL target not found
Refreshing native plugins compatible for Editor in 63.08 ms, found 3 plugins.
Preloading 0 native plugins for Editor in 0.00 ms.
Mono: successfully reloaded assembly
- Completed reload, in  1.693 seconds
Domain Reload Profiling:
	ReloadAssembly (1695ms)
		BeginReloadAssembly (148ms)
			ExecutionOrderSort (0ms)
			DisableScriptedObjects (6ms)
			BackupInstance (0ms)
			ReleaseScriptingObjects (0ms)
			CreateAndSetChildDomain (29ms)
		EndReloadAssembly (1414ms)
			LoadAssemblies (112ms)
			RebuildTransferFunctionScriptingTraits (0ms)
			SetupTypeCache (374ms)
				TypeCache.Initialize (361ms)
					TypeCache.ScanAssembly (355ms)
				ResolveRequiredComponents (13ms)
			ReleaseScriptCaches (1ms)
			RebuildScriptCaches (60ms)
			SetupLoadedEditorAssemblies (780ms)
				LogAssemblyErrors (0ms)
				InitializePlatformSupportModulesInManaged (24ms)
				SetLoadedEditorAssemblies (7ms)
				RefreshPlugins (64ms)
				BeforeProcessingInitializeOnLoad (98ms)
				ProcessInitializeOnLoadAttributes (520ms)
				ProcessInitializeOnLoadMethodAttributes (51ms)
				AfterProcessingInitializeOnLoad (16ms)
				EditorAssembliesLoaded (0ms)
			ExecutionOrderSort2 (0ms)
			AwakeInstancesAfterBackupRestoration (16ms)
Platform modules already initialized, skipping
========================================================================
Worker process is ready to serve import requests
Launched and connected shader compiler UnityShaderCompiler.exe after 0.07 seconds
Refreshing native plugins compatible for Editor in 1.99 ms, found 3 plugins.
Preloading 0 native plugins for Editor in 0.00 ms.
Unloading 2377 Unused Serialized files (Serialized files now loaded: 0)
Unloading 34 unused Assets / (57.6 KB). Loaded Objects now: 2840.
Memory consumption went from 119.5 MB to 119.5 MB.
Total: 6.262500 ms (FindLiveObjects: 0.702700 ms CreateObjectMapping: 0.104700 ms MarkObjects: 5.316600 ms  DeleteObjects: 0.136500 ms)

AssetImportParameters requested are different than current active one (requested -> active):
  custom:video-decoder-ogg-theora: a1e56fd34408186e4bbccfd4996cb3dc -> 
  custom:container-muxer-webm: aa71ff27fc2769a1b78a27578f13a17b -> 
  custom:container-demuxer-webm: 4f35f7cbe854078d1ac9338744f61a02 -> 
  custom:video-encoder-webm-vp8: eb34c28f22e8b96e1ab97ce403110664 -> 
  custom:audio-encoder-webm-vorbis: bf7c407c2cedff20999df2af8eb42d56 -> 
  custom:framework-win-MediaFoundation: 216162199b28c13a410421893ffa2e32 -> 
  custom:container-demuxer-ogg: 62fdf1f143b41e24485cea50d1cbac27 -> 
  custom:video-decoder-webm-vp8: 9c59270c3fd7afecdb556c50c9e8de78 -> 
  custom:audio-decoder-ogg-vorbis: bf7c407c2cedff20999df2af8eb42d56 -> 
========================================================================
Received Import Request.
  Time since last request: 19753.673537 seconds.
  path: Assets/atlas0_91.png
  artifactKey: Guid(dea8408cdb85aca4893c29f7487e2510) Importer(815301076,1909f56bfc062723c751e8b465ee728b)
Start importing Assets/atlas0_91.png using Guid(dea8408cdb85aca4893c29f7487e2510) Importer(815301076,1909f56bfc062723c751e8b465ee728b)  -> (artifact id: '569bbd73442dabf0e974e8136e698fef') in 0.552331 seconds 
========================================================================
Received Import Request.
  Time since last request: 220.487194 seconds.
  path: Assets/sprites
  artifactKey: Guid(ba3a824f1ce0318439bf261917f95312) Importer(815301076,1909f56bfc062723c751e8b465ee728b)
Start importing Assets/sprites using Guid(ba3a824f1ce0318439bf261917f95312) Importer(815301076,1909f56bfc062723c751e8b465ee728b)  -> (artifact id: 'c215728fecc18bebd0f5b0b3af32123c') in 0.002606 seconds 
========================================================================
Received Import Request.
  Time since last request: 2.235009 seconds.
  path: Assets/sprites/granny-alpha/1_walk/1_walk.png
  artifactKey: Guid(69ce9ef5dc87f5e469c0117f45736f38) Importer(815301076,1909f56bfc062723c751e8b465ee728b)
Start importing Assets/sprites/granny-alpha/1_walk/1_walk.png using Guid(69ce9ef5dc87f5e469c0117f45736f38) Importer(815301076,1909f56bfc062723c751e8b465ee728b)  -> (artifact id: '924241c277a21017b883a968aacc66f0') in 0.026334 seconds 
========================================================================
Received Import Request.
  Time since last request: 3.696867 seconds.
  path: Assets/sprites/battery/battery.png
  artifactKey: Guid(a2fd2bbcf672b05409efabd0eaf47ca7) Importer(815301076,1909f56bfc062723c751e8b465ee728b)
Start importing Assets/sprites/battery/battery.png using Guid(a2fd2bbcf672b05409efabd0eaf47ca7) Importer(815301076,1909f56bfc062723c751e8b465ee728b)  -> (artifact id: '9fb665c68cd6e3338209b3d9c019cf7f') in 0.011834 seconds 
========================================================================
Received Import Request.
  Time since last request: 103.315872 seconds.
  path: Assets/Tilemaps/cyber
  artifactKey: Guid(3af7aae7230be4347a5c5980f57bca83) Importer(815301076,1909f56bfc062723c751e8b465ee728b)
Start importing Assets/Tilemaps/cyber using Guid(3af7aae7230be4347a5c5980f57bca83) Importer(815301076,1909f56bfc062723c751e8b465ee728b)  -> (artifact id: '857f1d1c255d13ebd3c5f143561bedd3') in 0.003515 seconds 
========================================================================
Received Import Request.
  Time since last request: 0.059259 seconds.
  path: Assets/Tilemaps/cyber/cyber.prefab
  artifactKey: Guid(bed52f8b39d743c4f9553099b024a1de) Importer(815301076,1909f56bfc062723c751e8b465ee728b)
Start importing Assets/Tilemaps/cyber/cyber.prefab using Guid(bed52f8b39d743c4f9553099b024a1de) Importer(815301076,1909f56bfc062723c751e8b465ee728b)  -> (artifact id: 'fbde17e71eda73f5f4827c6b121168c5') in 0.072673 seconds 
========================================================================
Received Import Request.
  Time since last request: 1.940963 seconds.
  path: Assets/Tilemaps/cyber/FlatU.aseprite
  artifactKey: Guid(bccd58d79e7b6204797fef74da6029b4) Importer(815301076,1909f56bfc062723c751e8b465ee728b)
Start importing Assets/Tilemaps/cyber/FlatU.aseprite using Guid(bccd58d79e7b6204797fef74da6029b4) Importer(815301076,1909f56bfc062723c751e8b465ee728b)  -> (artifact id: '93bc0ac08fddc3b795e91c78590b1c08') in 0.005656 seconds 
========================================================================
Received Import Request.
  Time since last request: 14.138872 seconds.
  path: Assets/Tilemaps/cyber/Corner_1.aseprite
  artifactKey: Guid(6e721474c1228ee49a4622f52f894992) Importer(815301076,1909f56bfc062723c751e8b465ee728b)
Start importing Assets/Tilemaps/cyber/Corner_1.aseprite using Guid(6e721474c1228ee49a4622f52f894992) Importer(815301076,1909f56bfc062723c751e8b465ee728b)  -> (artifact id: '4d0858554c46742bff6007dccc7d358f') in 0.003400 seconds 
========================================================================
Received Import Request.
  Time since last request: 9.066910 seconds.
  path: Assets/Tilemaps/cyber/cyber.prefab
  artifactKey: Guid(bed52f8b39d743c4f9553099b024a1de) Importer(815301076,1909f56bfc062723c751e8b465ee728b)
Start importing Assets/Tilemaps/cyber/cyber.prefab using Guid(bed52f8b39d743c4f9553099b024a1de) Importer(815301076,1909f56bfc062723c751e8b465ee728b)  -> (artifact id: '9a5c4effa47f85a9bbf988321b2a4e90') in 0.052931 seconds 
========================================================================
Received Import Request.
  Time since last request: 5.685856 seconds.
  path: Assets/Tilemaps/cyber/cyber.prefab
  artifactKey: Guid(bed52f8b39d743c4f9553099b024a1de) Importer(815301076,1909f56bfc062723c751e8b465ee728b)
Start importing Assets/Tilemaps/cyber/cyber.prefab using Guid(bed52f8b39d743c4f9553099b024a1de) Importer(815301076,1909f56bfc062723c751e8b465ee728b)  -> (artifact id: 'a92d9b7a417b7aa21027ad4cc0071b61') in 0.034542 seconds 
========================================================================
Received Import Request.
  Time since last request: 199.514975 seconds.
  path: Assets/sprites/granny-alpha/1_crouch/1_crouch.png
  artifactKey: Guid(4275c0d8fbcccf342b3be41a84d58f53) Importer(815301076,1909f56bfc062723c751e8b465ee728b)
Start importing Assets/sprites/granny-alpha/1_crouch/1_crouch.png using Guid(4275c0d8fbcccf342b3be41a84d58f53) Importer(815301076,1909f56bfc062723c751e8b465ee728b)  -> (artifact id: 'f354c6c6f02bbdcff71b37f5ec8aa17a') in 0.030354 seconds 
========================================================================
Received Import Request.
  Time since last request: 1.367501 seconds.
  path: Assets/sprites/granny-alpha/1_crouch.aseprite
  artifactKey: Guid(bcecd88727565b54d93898c4461480ef) Importer(815301076,1909f56bfc062723c751e8b465ee728b)
Start importing Assets/sprites/granny-alpha/1_crouch.aseprite using Guid(bcecd88727565b54d93898c4461480ef) Importer(815301076,1909f56bfc062723c751e8b465ee728b)  -> (artifact id: '9ded68ded2ddf6067862960844ec4773') in 0.003129 seconds 
========================================================================
Received Import Request.
  Time since last request: 5.402736 seconds.
  path: Assets/sprites/granny-alpha/1_crouch.aseprite
  artifactKey: Guid(bcecd88727565b54d93898c4461480ef) Importer(815301076,1909f56bfc062723c751e8b465ee728b)
Start importing Assets/sprites/granny-alpha/1_crouch.aseprite using Guid(bcecd88727565b54d93898c4461480ef) Importer(815301076,1909f56bfc062723c751e8b465ee728b)  -> (artifact id: '7c19249221bd9f96c6a6f506fc6c48b3') in 0.004333 seconds 
========================================================================
Received Import Request.
  Time since last request: 3.206218 seconds.
  path: Assets/sprites/granny-alpha/1_crouch.aseprite
  artifactKey: Guid(bcecd88727565b54d93898c4461480ef) Importer(815301076,1909f56bfc062723c751e8b465ee728b)
Start importing Assets/sprites/granny-alpha/1_crouch.aseprite using Guid(bcecd88727565b54d93898c4461480ef) Importer(815301076,1909f56bfc062723c751e8b465ee728b)  -> (artifact id: '47868758849edad03c356cba94bfa5b2') in 0.003626 seconds 
